Started GET "/" for 172.18.0.1 at 2021-07-01 13:35:07 +0000
  
ActiveRecord::NoDatabaseError (Unknown database 'staffomatic_user_management_development'):
  
activerecord (6.1.4) lib/active_record/connection_adapters/mysql2_adapter.rb:43:in `rescue in new_client'
activerecord (6.1.4) lib/active_record/connection_adapters/mysql2_adapter.rb:39:in `new_client'
activerecord (6.1.4) lib/active_record/connection_adapters/mysql2_adapter.rb:23:in `mysql2_connection'
activerecord (6.1.4) lib/active_record/connection_adapters/abstract/connection_pool.rb:882:in `public_send'
activerecord (6.1.4) lib/active_record/connection_adapters/abstract/connection_pool.rb:882:in `new_connection'
activerecord (6.1.4) lib/active_record/connection_adapters/abstract/connection_pool.rb:926:in `checkout_new_connection'
activerecord (6.1.4) lib/active_record/connection_adapters/abstract/connection_pool.rb:905:in `try_to_checkout_new_connection'
activerecord (6.1.4) lib/active_record/connection_adapters/abstract/connection_pool.rb:866:in `acquire_connection'
activerecord (6.1.4) lib/active_record/connection_adapters/abstract/connection_pool.rb:588:in `checkout'
activerecord (6.1.4) lib/active_record/connection_adapters/abstract/connection_pool.rb:428:in `connection'
activerecord (6.1.4) lib/active_record/connection_adapters/abstract/connection_pool.rb:1128:in `retrieve_connection'
activerecord (6.1.4) lib/active_record/connection_handling.rb:327:in `retrieve_connection'
activerecord (6.1.4) lib/active_record/connection_handling.rb:283:in `connection'
activerecord (6.1.4) lib/active_record/migration.rb:611:in `connection'
activerecord (6.1.4) lib/active_record/migration.rb:606:in `build_watcher'
activerecord (6.1.4) lib/active_record/migration.rb:588:in `block in call'
activerecord (6.1.4) lib/active_record/migration.rb:587:in `synchronize'
activerecord (6.1.4) lib/active_record/migration.rb:587:in `call'
actionpack (6.1.4) lib/action_dispatch/middleware/callbacks.rb:27:in `block in call'
activesupport (6.1.4) lib/active_support/callbacks.rb:98:in `run_callbacks'
actionpack (6.1.4) lib/action_dispatch/middleware/callbacks.rb:26:in `call'
actionpack (6.1.4) lib/action_dispatch/middleware/executor.rb:14:in `call'
actionpack (6.1.4) lib/action_dispatch/middleware/actionable_exceptions.rb:18:in `call'
actionpack (6.1.4) lib/action_dispatch/middleware/debug_exceptions.rb:29:in `call'
actionpack (6.1.4) lib/action_dispatch/middleware/show_exceptions.rb:33:in `call'
railties (6.1.4) lib/rails/rack/logger.rb:37:in `call_app'
railties (6.1.4) lib/rails/rack/logger.rb:26:in `block in call'
activesupport (6.1.4) lib/active_support/tagged_logging.rb:99:in `block in tagged'
activesupport (6.1.4) lib/active_support/tagged_logging.rb:37:in `tagged'
activesupport (6.1.4) lib/active_support/tagged_logging.rb:99:in `tagged'
railties (6.1.4) lib/rails/rack/logger.rb:26:in `call'
actionpack (6.1.4) lib/action_dispatch/middleware/remote_ip.rb:81:in `call'
actionpack (6.1.4) lib/action_dispatch/middleware/request_id.rb:26:in `call'
rack (2.2.3) lib/rack/runtime.rb:22:in `call'
activesupport (6.1.4) lib/active_support/cache/strategy/local_cache_middleware.rb:29:in `call'
actionpack (6.1.4) lib/action_dispatch/middleware/executor.rb:14:in `call'
actionpack (6.1.4) lib/action_dispatch/middleware/static.rb:24:in `call'
rack (2.2.3) lib/rack/sendfile.rb:110:in `call'
actionpack (6.1.4) lib/action_dispatch/middleware/host_authorization.rb:92:in `call'
railties (6.1.4) lib/rails/engine.rb:539:in `call'
puma (5.3.2) lib/puma/configuration.rb:249:in `call'
puma (5.3.2) lib/puma/request.rb:77:in `block in handle_request'
puma (5.3.2) lib/puma/thread_pool.rb:338:in `with_force_shutdown'
puma (5.3.2) lib/puma/request.rb:76:in `handle_request'
puma (5.3.2) lib/puma/server.rb:438:in `process_client'
puma (5.3.2) lib/puma/thread_pool.rb:145:in `block in spawn_thread'
Started GET "/favicon.ico" for 172.18.0.1 at 2021-07-01 13:35:08 +0000
  
ActiveRecord::NoDatabaseError (Unknown database 'staffomatic_user_management_development'):
  
activerecord (6.1.4) lib/active_record/connection_adapters/mysql2_adapter.rb:43:in `rescue in new_client'
activerecord (6.1.4) lib/active_record/connection_adapters/mysql2_adapter.rb:39:in `new_client'
activerecord (6.1.4) lib/active_record/connection_adapters/mysql2_adapter.rb:23:in `mysql2_connection'
activerecord (6.1.4) lib/active_record/connection_adapters/abstract/connection_pool.rb:882:in `public_send'
activerecord (6.1.4) lib/active_record/connection_adapters/abstract/connection_pool.rb:882:in `new_connection'
activerecord (6.1.4) lib/active_record/connection_adapters/abstract/connection_pool.rb:926:in `checkout_new_connection'
activerecord (6.1.4) lib/active_record/connection_adapters/abstract/connection_pool.rb:905:in `try_to_checkout_new_connection'
activerecord (6.1.4) lib/active_record/connection_adapters/abstract/connection_pool.rb:866:in `acquire_connection'
activerecord (6.1.4) lib/active_record/connection_adapters/abstract/connection_pool.rb:588:in `checkout'
activerecord (6.1.4) lib/active_record/connection_adapters/abstract/connection_pool.rb:428:in `connection'
activerecord (6.1.4) lib/active_record/connection_adapters/abstract/connection_pool.rb:1128:in `retrieve_connection'
activerecord (6.1.4) lib/active_record/connection_handling.rb:327:in `retrieve_connection'
activerecord (6.1.4) lib/active_record/connection_handling.rb:283:in `connection'
activerecord (6.1.4) lib/active_record/migration.rb:611:in `connection'
activerecord (6.1.4) lib/active_record/migration.rb:606:in `build_watcher'
activerecord (6.1.4) lib/active_record/migration.rb:588:in `block in call'
activerecord (6.1.4) lib/active_record/migration.rb:587:in `synchronize'
activerecord (6.1.4) lib/active_record/migration.rb:587:in `call'
actionpack (6.1.4) lib/action_dispatch/middleware/callbacks.rb:27:in `block in call'
activesupport (6.1.4) lib/active_support/callbacks.rb:98:in `run_callbacks'
actionpack (6.1.4) lib/action_dispatch/middleware/callbacks.rb:26:in `call'
actionpack (6.1.4) lib/action_dispatch/middleware/executor.rb:14:in `call'
actionpack (6.1.4) lib/action_dispatch/middleware/actionable_exceptions.rb:18:in `call'
actionpack (6.1.4) lib/action_dispatch/middleware/debug_exceptions.rb:29:in `call'
actionpack (6.1.4) lib/action_dispatch/middleware/show_exceptions.rb:33:in `call'
railties (6.1.4) lib/rails/rack/logger.rb:37:in `call_app'
railties (6.1.4) lib/rails/rack/logger.rb:26:in `block in call'
activesupport (6.1.4) lib/active_support/tagged_logging.rb:99:in `block in tagged'
activesupport (6.1.4) lib/active_support/tagged_logging.rb:37:in `tagged'
activesupport (6.1.4) lib/active_support/tagged_logging.rb:99:in `tagged'
railties (6.1.4) lib/rails/rack/logger.rb:26:in `call'
actionpack (6.1.4) lib/action_dispatch/middleware/remote_ip.rb:81:in `call'
actionpack (6.1.4) lib/action_dispatch/middleware/request_id.rb:26:in `call'
rack (2.2.3) lib/rack/runtime.rb:22:in `call'
activesupport (6.1.4) lib/active_support/cache/strategy/local_cache_middleware.rb:29:in `call'
actionpack (6.1.4) lib/action_dispatch/middleware/executor.rb:14:in `call'
actionpack (6.1.4) lib/action_dispatch/middleware/static.rb:24:in `call'
rack (2.2.3) lib/rack/sendfile.rb:110:in `call'
actionpack (6.1.4) lib/action_dispatch/middleware/host_authorization.rb:92:in `call'
railties (6.1.4) lib/rails/engine.rb:539:in `call'
puma (5.3.2) lib/puma/configuration.rb:249:in `call'
puma (5.3.2) lib/puma/request.rb:77:in `block in handle_request'
puma (5.3.2) lib/puma/thread_pool.rb:338:in `with_force_shutdown'
puma (5.3.2) lib/puma/request.rb:76:in `handle_request'
puma (5.3.2) lib/puma/server.rb:438:in `process_client'
puma (5.3.2) lib/puma/thread_pool.rb:145:in `block in spawn_thread'
  [1m[35m (0.2ms)[0m  [1m[35mCREATE DATABASE `staffomatic_user_management_development` DEFAULT CHARACTER SET `utf8mb4`[0m
  [1m[35m (0.2ms)[0m  [1m[35mCREATE DATABASE `staffomatic_user_management_test` DEFAULT CHARACTER SET `utf8mb4`[0m
  [1m[35m (0.1ms)[0m  [1m[34mSELECT @@innodb_file_per_table = 1 AND @@innodb_file_format = 'Barracuda'[0m
  [1m[35m (0.1ms)[0m  [1m[35mDROP TABLE IF EXISTS `users` CASCADE[0m
  [1m[35m (55.1ms)[0m  [1m[35mCREATE TABLE `users` (`id` bigint NOT NULL AUTO_INCREMENT PRIMARY KEY, `email` varchar(255), `password_digest` varchar(255), `created_at` datetime(6) NOT NULL, `updated_at` datetime(6) NOT NULL) DEFAULT CHARSET=utf8mb4[0m
  [1m[35m (54.6ms)[0m  [1m[35mCREATE TABLE `schema_migrations` (`version` varchar(255) COLLATE utf8_general_ci NOT NULL PRIMARY KEY)[0m
  [1m[35m (0.5ms)[0m  [1m[34mSELECT `schema_migrations`.`version` FROM `schema_migrations` ORDER BY `schema_migrations`.`version` ASC[0m
  [1m[35m (3.2ms)[0m  [1m[32mINSERT INTO `schema_migrations` (version) VALUES (20210204084842)[0m
  [1m[35m (55.4ms)[0m  [1m[35mCREATE TABLE `ar_internal_metadata` (`key` varchar(255) COLLATE utf8_general_ci NOT NULL PRIMARY KEY, `value` varchar(255), `created_at` datetime(6) NOT NULL, `updated_at` datetime(6) NOT NULL)[0m
  [1m[36mActiveRecord::InternalMetadata Load (1.0ms)[0m  [1m[34mSELECT `ar_internal_metadata`.* FROM `ar_internal_metadata` WHERE `ar_internal_metadata`.`key` = 'environment' LIMIT 1[0m
  [1m[36mTRANSACTION (0.3ms)[0m  [1m[35mBEGIN[0m
  [1m[36mActiveRecord::InternalMetadata Create (0.3ms)[0m  [1m[32mINSERT INTO `ar_internal_metadata` (`key`, `value`, `created_at`, `updated_at`) VALUES ('environment', 'development', '2021-07-01 13:35:27.253034', '2021-07-01 13:35:27.253034')[0m
  [1m[36mTRANSACTION (4.7ms)[0m  [1m[35mCOMMIT[0m
  [1m[36mActiveRecord::InternalMetadata Load (0.6ms)[0m  [1m[34mSELECT `ar_internal_metadata`.* FROM `ar_internal_metadata` WHERE `ar_internal_metadata`.`key` = 'environment' LIMIT 1[0m
  [1m[36mActiveRecord::InternalMetadata Load (0.4ms)[0m  [1m[34mSELECT `ar_internal_metadata`.* FROM `ar_internal_metadata` WHERE `ar_internal_metadata`.`key` = 'schema_sha1' LIMIT 1[0m
  [1m[36mTRANSACTION (0.3ms)[0m  [1m[35mBEGIN[0m
  [1m[36mActiveRecord::InternalMetadata Create (0.4ms)[0m  [1m[32mINSERT INTO `ar_internal_metadata` (`key`, `value`, `created_at`, `updated_at`) VALUES ('schema_sha1', '71fed4c965012ac97268cfb62e1992cf4ba80024', '2021-07-01 13:35:27.292203', '2021-07-01 13:35:27.292203')[0m
  [1m[36mTRANSACTION (9.1ms)[0m  [1m[35mCOMMIT[0m
  [1m[35m (0.2ms)[0m  [1m[34mSELECT GET_LOCK('6260549717220968400', 0)[0m
  [1m[35m (0.3ms)[0m  [1m[34mSELECT `schema_migrations`.`version` FROM `schema_migrations` ORDER BY `schema_migrations`.`version` ASC[0m
Migrating to AddIsArchivedToUser (20210701132856)
  [1m[35m (90.5ms)[0m  [1m[35mALTER TABLE `users` ADD `is_archived` tinyint(1)[0m
  [1m[36mTRANSACTION (0.5ms)[0m  [1m[35mBEGIN[0m
  [1m[36mActiveRecord::SchemaMigration Create (0.7ms)[0m  [1m[32mINSERT INTO `schema_migrations` (`version`) VALUES ('20210701132856')[0m
  [1m[36mTRANSACTION (9.0ms)[0m  [1m[35mCOMMIT[0m
Migrating to AddDeletedAtToUsers (20210701133241)
  [1m[35m (91.9ms)[0m  [1m[35mALTER TABLE `users` ADD `deleted_at` datetime[0m
  [1m[35m (47.9ms)[0m  [1m[35mCREATE INDEX `index_users_on_deleted_at` ON `users` (`deleted_at`)[0m
  [1m[36mTRANSACTION (0.6ms)[0m  [1m[35mBEGIN[0m
  [1m[36mActiveRecord::SchemaMigration Create (0.7ms)[0m  [1m[32mINSERT INTO `schema_migrations` (`version`) VALUES ('20210701133241')[0m
  [1m[36mTRANSACTION (3.4ms)[0m  [1m[35mCOMMIT[0m
  [1m[36mActiveRecord::InternalMetadata Load (0.8ms)[0m  [1m[34mSELECT `ar_internal_metadata`.* FROM `ar_internal_metadata` WHERE `ar_internal_metadata`.`key` = 'environment' LIMIT 1[0m
  [1m[35m (0.4ms)[0m  [1m[34mSELECT RELEASE_LOCK('6260549717220968400')[0m
  [1m[35m (0.3ms)[0m  [1m[34mSELECT `schema_migrations`.`version` FROM `schema_migrations` ORDER BY `schema_migrations`.`version` ASC[0m
  [1m[35m (0.3ms)[0m  [1m[34mSELECT `schema_migrations`.`version` FROM `schema_migrations` ORDER BY `schema_migrations`.`version` ASC[0m
  [1m[35m (0.2ms)[0m  [1m[34mSELECT `schema_migrations`.`version` FROM `schema_migrations` ORDER BY `schema_migrations`.`version` ASC[0m
  [1m[35m (0.2ms)[0m  [1m[34mSELECT `schema_migrations`.`version` FROM `schema_migrations` ORDER BY `schema_migrations`.`version` ASC[0m
  [1m[35m (0.1ms)[0m  [1m[34mSELECT GET_LOCK('6260549717220968400', 0)[0m
  [1m[35m (0.2ms)[0m  [1m[34mSELECT `schema_migrations`.`version` FROM `schema_migrations` ORDER BY `schema_migrations`.`version` ASC[0m
Migrating to AddDeletedAtToUsers (20210701133241)
  [1m[35m (30.1ms)[0m  [1m[35mDROP INDEX `index_users_on_deleted_at` ON `users`[0m
  [1m[35m (93.1ms)[0m  [1m[35mALTER TABLE `users` DROP COLUMN `deleted_at`[0m
  [1m[36mActiveRecord::SchemaMigration Destroy (4.1ms)[0m  [1m[31mDELETE FROM `schema_migrations` WHERE `schema_migrations`.`version` = '20210701133241'[0m
  [1m[35m (0.7ms)[0m  [1m[34mSELECT RELEASE_LOCK('6260549717220968400')[0m
  [1m[35m (0.8ms)[0m  [1m[34mSELECT `schema_migrations`.`version` FROM `schema_migrations` ORDER BY `schema_migrations`.`version` ASC[0m
  [1m[35m (0.2ms)[0m  [1m[34mSELECT `schema_migrations`.`version` FROM `schema_migrations` ORDER BY `schema_migrations`.`version` ASC[0m
  [1m[35m (0.2ms)[0m  [1m[34mSELECT `schema_migrations`.`version` FROM `schema_migrations` ORDER BY `schema_migrations`.`version` ASC[0m
  [1m[35m (0.2ms)[0m  [1m[34mSELECT `schema_migrations`.`version` FROM `schema_migrations` ORDER BY `schema_migrations`.`version` ASC[0m
  [1m[35m (0.2ms)[0m  [1m[34mSELECT GET_LOCK('6260549717220968400', 0)[0m
  [1m[35m (0.2ms)[0m  [1m[34mSELECT `schema_migrations`.`version` FROM `schema_migrations` ORDER BY `schema_migrations`.`version` ASC[0m
Migrating to AddIsArchivedToUser (20210701132856)
  [1m[35m (89.0ms)[0m  [1m[35mALTER TABLE `users` DROP COLUMN `is_archived`[0m
  [1m[36mActiveRecord::SchemaMigration Destroy (4.2ms)[0m  [1m[31mDELETE FROM `schema_migrations` WHERE `schema_migrations`.`version` = '20210701132856'[0m
  [1m[35m (0.8ms)[0m  [1m[34mSELECT RELEASE_LOCK('6260549717220968400')[0m
  [1m[35m (1.0ms)[0m  [1m[34mSELECT `schema_migrations`.`version` FROM `schema_migrations` ORDER BY `schema_migrations`.`version` ASC[0m
  [1m[35m (0.1ms)[0m  [1m[34mSELECT GET_LOCK('6260549717220968400', 0)[0m
  [1m[35m (0.2ms)[0m  [1m[34mSELECT `schema_migrations`.`version` FROM `schema_migrations` ORDER BY `schema_migrations`.`version` ASC[0m
Migrating to AddIsArchivedToUser (20210701132856)
  [1m[35m (90.9ms)[0m  [1m[35mALTER TABLE `users` ADD `is_archived` tinyint(1) DEFAULT FALSE[0m
  [1m[36mTRANSACTION (0.7ms)[0m  [1m[35mBEGIN[0m
  [1m[36mActiveRecord::SchemaMigration Create (1.0ms)[0m  [1m[32mINSERT INTO `schema_migrations` (`version`) VALUES ('20210701132856')[0m
  [1m[36mTRANSACTION (3.4ms)[0m  [1m[35mCOMMIT[0m
Migrating to AddDeletedAtToUsers (20210701133241)
  [1m[35m (91.0ms)[0m  [1m[35mALTER TABLE `users` ADD `deleted_at` datetime[0m
  [1m[35m (48.0ms)[0m  [1m[35mCREATE INDEX `index_users_on_deleted_at` ON `users` (`deleted_at`)[0m
  [1m[36mTRANSACTION (0.7ms)[0m  [1m[35mBEGIN[0m
  [1m[36mActiveRecord::SchemaMigration Create (0.8ms)[0m  [1m[32mINSERT INTO `schema_migrations` (`version`) VALUES ('20210701133241')[0m
  [1m[36mTRANSACTION (3.4ms)[0m  [1m[35mCOMMIT[0m
  [1m[36mActiveRecord::InternalMetadata Load (0.8ms)[0m  [1m[34mSELECT `ar_internal_metadata`.* FROM `ar_internal_metadata` WHERE `ar_internal_metadata`.`key` = 'environment' LIMIT 1[0m
  [1m[35m (0.6ms)[0m  [1m[34mSELECT RELEASE_LOCK('6260549717220968400')[0m
  [1m[35m (0.4ms)[0m  [1m[34mSELECT `schema_migrations`.`version` FROM `schema_migrations` ORDER BY `schema_migrations`.`version` ASC[0m
Started GET "/" for 172.18.0.1 at 2021-07-01 13:40:28 +0000
  [1m[35m (0.3ms)[0m  [1m[34mSELECT `schema_migrations`.`version` FROM `schema_migrations` ORDER BY `schema_migrations`.`version` ASC[0m
Processing by Rails::WelcomeController#index as HTML
  Rendering /usr/local/bundle/gems/railties-6.1.4/lib/rails/templates/rails/welcome/index.html.erb
  Rendered /usr/local/bundle/gems/railties-6.1.4/lib/rails/templates/rails/welcome/index.html.erb (Duration: 6.0ms | Allocations: 190)
Completed 200 OK in 15ms (Views: 6.9ms | ActiveRecord: 0.0ms | Allocations: 2283)


Started GET "/favicon.ico" for 172.18.0.1 at 2021-07-01 13:40:29 +0000
  
ActionController::RoutingError (No route matches [GET] "/favicon.ico"):
  
  [1m[35m (0.2ms)[0m  [1m[34mSELECT GET_LOCK('6260549717220968400', 0)[0m
  [1m[35m (0.2ms)[0m  [1m[34mSELECT `schema_migrations`.`version` FROM `schema_migrations` ORDER BY `schema_migrations`.`version` ASC[0m
Migrating to CreateActivities (20210701134633)
  [1m[35m (0.2ms)[0m  [1m[34mSELECT @@innodb_file_per_table = 1 AND @@innodb_file_format = 'Barracuda'[0m
  [1m[35m (0.4ms)[0m  [1m[35mCREATE TABLE `activities` (`id` bigint NOT NULL AUTO_INCREMENT PRIMARY KEY, `trackable_type` varchar(255), `trackable_id` bigint, `owner_type` varchar(255), `owner_id` bigint, `key` varchar(255), `parameters` text, `recipient_type` varchar(255), `recipient_id` bigint, `created_at` datetime NOT NULL, `updated_at` datetime NOT NULL, INDEX `index_activities_on_trackable` (`trackable_type`, `trackable_id`), INDEX `index_activities_on_owner` (`owner_type`, `owner_id`), INDEX `index_activities_on_recipient` (`recipient_type`, `recipient_id`))[0m
  [1m[35m (0.2ms)[0m  [1m[34mSELECT RELEASE_LOCK('6260549717220968400')[0m
  [1m[35m (0.1ms)[0m  [1m[34mSELECT GET_LOCK('6260549717220968400', 0)[0m
  [1m[35m (0.2ms)[0m  [1m[34mSELECT `schema_migrations`.`version` FROM `schema_migrations` ORDER BY `schema_migrations`.`version` ASC[0m
Migrating to CreateActivities (20210701134633)
  [1m[35m (0.2ms)[0m  [1m[34mSELECT @@innodb_file_per_table = 1 AND @@innodb_file_format = 'Barracuda'[0m
  [1m[35m (0.4ms)[0m  [1m[35mCREATE TABLE `activities` (`id` bigint NOT NULL AUTO_INCREMENT PRIMARY KEY, `trackable_type` varchar(255), `trackable_id` bigint, `owner_type` varchar(255), `owner_id` bigint, `key` varchar(255), `parameters` text, `recipient_type` varchar(255), `recipient_id` bigint, `created_at` datetime NOT NULL, `updated_at` datetime NOT NULL, INDEX `index_activities_on_trackable` (`trackable_type`, `trackable_id`), INDEX `index_activities_on_owner` (`owner_type`, `owner_id`), INDEX `index_activities_on_recipient` (`recipient_type`, `recipient_id`))[0m
  [1m[35m (0.1ms)[0m  [1m[34mSELECT RELEASE_LOCK('6260549717220968400')[0m
  [1m[35m (0.2ms)[0m  [1m[34mSELECT GET_LOCK('6260549717220968400', 0)[0m
  [1m[35m (0.2ms)[0m  [1m[34mSELECT `schema_migrations`.`version` FROM `schema_migrations` ORDER BY `schema_migrations`.`version` ASC[0m
Migrating to CreateVersions (20210701143757)
  [1m[35m (56.4ms)[0m  [1m[35mCREATE TABLE `versions` (`id` bigint NOT NULL AUTO_INCREMENT PRIMARY KEY, `item_type` varchar(191) NOT NULL, `item_id` bigint NOT NULL, `event` varchar(255) NOT NULL, `whodunnit` varchar(255), `object` longtext, `created_at` datetime) ENGINE=InnoDB DEFAULT CHARSET=utf8mb4 COLLATE=utf8mb4_general_ci[0m
  [1m[35m (48.7ms)[0m  [1m[35mCREATE INDEX `index_versions_on_item_type_and_item_id` ON `versions` (`item_type`, `item_id`)[0m
  [1m[36mTRANSACTION (0.7ms)[0m  [1m[35mBEGIN[0m
  [1m[36mActiveRecord::SchemaMigration Create (1.0ms)[0m  [1m[32mINSERT INTO `schema_migrations` (`version`) VALUES ('20210701143757')[0m
  [1m[36mTRANSACTION (3.4ms)[0m  [1m[35mCOMMIT[0m
  [1m[36mActiveRecord::InternalMetadata Load (0.5ms)[0m  [1m[34mSELECT `ar_internal_metadata`.* FROM `ar_internal_metadata` WHERE `ar_internal_metadata`.`key` = 'environment' LIMIT 1[0m
  [1m[35m (0.3ms)[0m  [1m[34mSELECT RELEASE_LOCK('6260549717220968400')[0m
  [1m[35m (0.3ms)[0m  [1m[34mSELECT `schema_migrations`.`version` FROM `schema_migrations` ORDER BY `schema_migrations`.`version` ASC[0m
  [1m[35m (0.2ms)[0m  [1m[34mSELECT GET_LOCK('6260549717220968400', 0)[0m
  [1m[35m (0.2ms)[0m  [1m[34mSELECT `schema_migrations`.`version` FROM `schema_migrations` ORDER BY `schema_migrations`.`version` ASC[0m
  [1m[36mActiveRecord::InternalMetadata Load (0.3ms)[0m  [1m[34mSELECT `ar_internal_metadata`.* FROM `ar_internal_metadata` WHERE `ar_internal_metadata`.`key` = 'environment' LIMIT 1[0m
  [1m[35m (0.2ms)[0m  [1m[34mSELECT RELEASE_LOCK('6260549717220968400')[0m
  [1m[35m (0.2ms)[0m  [1m[34mSELECT `schema_migrations`.`version` FROM `schema_migrations` ORDER BY `schema_migrations`.`version` ASC[0m
